{"/home/nooby/hackreactor/frontendcapstone/config.js": {"path":"/home/nooby/hackreactor/frontendcapstone/config.js","statementMap":{"0":{"start":{"line":1,"column":15},"end":{"line":5,"column":1}}},"fnMap":{},"branchMap":{},"s":{"0":2},"f":{},"b":{},"_coverageSchema":"1a1c01bbd47fc00a2c39e90264f33305004495a9","hash":"7afdf89f0e2c3a37fc1f1bf23bb39bc2c3a2fb93"}
,"/home/nooby/hackreactor/frontendcapstone/client/src/parse.js": {"path":"/home/nooby/hackreactor/frontendcapstone/client/src/parse.js","statementMap":{"0":{"start":{"line":5,"column":10},"end":{"line":5,"column":64}},"1":{"start":{"line":7,"column":20},"end":{"line":7,"column":66}},"2":{"start":{"line":14,"column":14},"end":{"line":49,"column":1}},"3":{"start":{"line":16,"column":4},"end":{"line":16,"column":65}},"4":{"start":{"line":26,"column":4},"end":{"line":26,"column":72}},"5":{"start":{"line":31,"column":4},"end":{"line":31,"column":32}},"6":{"start":{"line":46,"column":4},"end":{"line":46,"column":71}}},"fnMap":{"0":{"name":"(anonymous_0)","decl":{"start":{"line":15,"column":10},"end":{"line":15,"column":11}},"loc":{"start":{"line":15,"column":37},"end":{"line":19,"column":3}},"line":15},"1":{"name":"(anonymous_1)","decl":{"start":{"line":25,"column":10},"end":{"line":25,"column":11}},"loc":{"start":{"line":25,"column":43},"end":{"line":27,"column":3}},"line":25},"2":{"name":"(anonymous_2)","decl":{"start":{"line":30,"column":10},"end":{"line":30,"column":11}},"loc":{"start":{"line":30,"column":25},"end":{"line":32,"column":3}},"line":30},"3":{"name":"(anonymous_3)","decl":{"start":{"line":34,"column":10},"end":{"line":34,"column":11}},"loc":{"start":{"line":34,"column":48},"end":{"line":47,"column":3}},"line":34}},"branchMap":{"0":{"loc":{"start":{"line":15,"column":21},"end":{"line":15,"column":32}},"type":"default-arg","locations":[{"start":{"line":15,"column":30},"end":{"line":15,"column":32}}],"line":15},"1":{"loc":{"start":{"line":25,"column":21},"end":{"line":25,"column":32}},"type":"default-arg","locations":[{"start":{"line":25,"column":30},"end":{"line":25,"column":32}}],"line":25},"2":{"loc":{"start":{"line":34,"column":21},"end":{"line":34,"column":32}},"type":"default-arg","locations":[{"start":{"line":34,"column":30},"end":{"line":34,"column":32}}],"line":34},"3":{"loc":{"start":{"line":34,"column":34},"end":{"line":34,"column":43}},"type":"default-arg","locations":[{"start":{"line":34,"column":41},"end":{"line":34,"column":43}}],"line":34}},"s":{"0":2,"1":2,"2":2,"3":4,"4":0,"5":0,"6":0},"f":{"0":4,"1":0,"2":0,"3":0},"b":{"0":[2],"1":[0],"2":[0],"3":[0]},"_coverageSchema":"1a1c01bbd47fc00a2c39e90264f33305004495a9","hash":"108cd0d2280c5dcfcf9c133d5a6bbb604e0e6d23"}
,"/home/nooby/hackreactor/frontendcapstone/client/src/components/Reviews/Breakdowns.jsx": {"path":"/home/nooby/hackreactor/frontendcapstone/client/src/components/Reviews/Breakdowns.jsx","statementMap":{"0":{"start":{"line":3,"column":19},"end":{"line":55,"column":1}},"1":{"start":{"line":5,"column":21},"end":{"line":22,"column":3}},"2":{"start":{"line":9,"column":21},"end":{"line":9,"column":23}},"3":{"start":{"line":11,"column":4},"end":{"line":20,"column":5}},"4":{"start":{"line":11,"column":17},"end":{"line":11,"column":18}},"5":{"start":{"line":13,"column":6},"end":{"line":19,"column":7}},"6":{"start":{"line":14,"column":115},"end":{"line":14,"column":135}},"7":{"start":{"line":21,"column":4},"end":{"line":21,"column":22}},"8":{"start":{"line":24,"column":24},"end":{"line":28,"column":3}},"9":{"start":{"line":26,"column":21},"end":{"line":26,"column":152}},"10":{"start":{"line":27,"column":4},"end":{"line":27,"column":22}},"11":{"start":{"line":30,"column":32},"end":{"line":47,"column":3}},"12":{"start":{"line":31,"column":4},"end":{"line":33,"column":5}},"13":{"start":{"line":32,"column":6},"end":{"line":32,"column":18}},"14":{"start":{"line":35,"column":16},"end":{"line":35,"column":18}},"15":{"start":{"line":36,"column":4},"end":{"line":40,"column":5}},"16":{"start":{"line":37,"column":6},"end":{"line":39,"column":7}},"17":{"start":{"line":38,"column":8},"end":{"line":38,"column":25}},"18":{"start":{"line":41,"column":4},"end":{"line":46,"column":5}},"19":{"start":{"line":43,"column":36},"end":{"line":43,"column":61}},"20":{"start":{"line":49,"column":2},"end":{"line":54,"column":3}},"21":{"start":{"line":51,"column":33},"end":{"line":51,"column":36}}},"fnMap":{"0":{"name":"(anonymous_0)","decl":{"start":{"line":3,"column":19},"end":{"line":3,"column":20}},"loc":{"start":{"line":3,"column":30},"end":{"line":55,"column":1}},"line":3},"1":{"name":"(anonymous_1)","decl":{"start":{"line":5,"column":21},"end":{"line":5,"column":22}},"loc":{"start":{"line":5,"column":27},"end":{"line":22,"column":3}},"line":5},"2":{"name":"(anonymous_2)","decl":{"start":{"line":14,"column":111},"end":{"line":14,"column":112}},"loc":{"start":{"line":14,"column":115},"end":{"line":14,"column":135}},"line":14},"3":{"name":"(anonymous_3)","decl":{"start":{"line":24,"column":24},"end":{"line":24,"column":25}},"loc":{"start":{"line":24,"column":35},"end":{"line":28,"column":3}},"line":24},"4":{"name":"(anonymous_4)","decl":{"start":{"line":30,"column":32},"end":{"line":30,"column":33}},"loc":{"start":{"line":30,"column":38},"end":{"line":47,"column":3}},"line":30},"5":{"name":"(anonymous_5)","decl":{"start":{"line":43,"column":19},"end":{"line":43,"column":20}},"loc":{"start":{"line":43,"column":36},"end":{"line":43,"column":61}},"line":43},"6":{"name":"(anonymous_6)","decl":{"start":{"line":51,"column":24},"end":{"line":51,"column":25}},"loc":{"start":{"line":51,"column":33},"end":{"line":51,"column":36}},"line":51}},"branchMap":{"0":{"loc":{"start":{"line":14,"column":24},"end":{"line":14,"column":92}},"type":"cond-expr","locations":[{"start":{"line":14,"column":48},"end":{"line":14,"column":68}},{"start":{"line":14,"column":71},"end":{"line":14,"column":92}}],"line":14},"1":{"loc":{"start":{"line":31,"column":4},"end":{"line":33,"column":5}},"type":"if","locations":[{"start":{"line":31,"column":4},"end":{"line":33,"column":5}},{"start":{},"end":{}}],"line":31},"2":{"loc":{"start":{"line":37,"column":6},"end":{"line":39,"column":7}},"type":"if","locations":[{"start":{"line":37,"column":6},"end":{"line":39,"column":7}},{"start":{},"end":{}}],"line":37}},"s":{"0":1,"1":0,"2":0,"3":0,"4":0,"5":0,"6":0,"7":0,"8":0,"9":0,"10":0,"11":0,"12":0,"13":0,"14":0,"15":0,"16":0,"17":0,"18":0,"19":0,"20":0,"21":0},"f":{"0":0,"1":0,"2":0,"3":0,"4":0,"5":0,"6":0},"b":{"0":[0,0],"1":[0,0],"2":[0,0]},"_coverageSchema":"1a1c01bbd47fc00a2c39e90264f33305004495a9","hash":"768625b390ada4f127efe621dd2616985eaa75a4"}
,"/home/nooby/hackreactor/frontendcapstone/client/src/components/Reviews/Characteristics.jsx": {"path":"/home/nooby/hackreactor/frontendcapstone/client/src/components/Reviews/Characteristics.jsx","statementMap":{"0":{"start":{"line":4,"column":24},"end":{"line":90,"column":1}},"1":{"start":{"line":6,"column":22},"end":{"line":33,"column":3}},"2":{"start":{"line":8,"column":32},"end":{"line":8,"column":34}},"3":{"start":{"line":9,"column":4},"end":{"line":31,"column":5}},"4":{"start":{"line":10,"column":18},"end":{"line":10,"column":55}},"5":{"start":{"line":11,"column":6},"end":{"line":30,"column":7}},"6":{"start":{"line":13,"column":10},"end":{"line":13,"column":101}},"7":{"start":{"line":14,"column":10},"end":{"line":14,"column":16}},"8":{"start":{"line":16,"column":10},"end":{"line":16,"column":104}},"9":{"start":{"line":17,"column":10},"end":{"line":17,"column":16}},"10":{"start":{"line":19,"column":10},"end":{"line":19,"column":96}},"11":{"start":{"line":20,"column":10},"end":{"line":20,"column":16}},"12":{"start":{"line":22,"column":10},"end":{"line":22,"column":96}},"13":{"start":{"line":23,"column":10},"end":{"line":23,"column":16}},"14":{"start":{"line":25,"column":10},"end":{"line":25,"column":104}},"15":{"start":{"line":26,"column":10},"end":{"line":26,"column":16}},"16":{"start":{"line":28,"column":10},"end":{"line":28,"column":101}},"17":{"start":{"line":29,"column":10},"end":{"line":29,"column":16}},"18":{"start":{"line":32,"column":4},"end":{"line":32,"column":80}},"19":{"start":{"line":32,"column":64},"end":{"line":32,"column":78}},"20":{"start":{"line":35,"column":24},"end":{"line":45,"column":3}},"21":{"start":{"line":37,"column":4},"end":{"line":44,"column":5}},"22":{"start":{"line":47,"column":20},"end":{"line":49,"column":3}},"23":{"start":{"line":48,"column":4},"end":{"line":48,"column":63}},"24":{"start":{"line":51,"column":19},"end":{"line":60,"column":3}},"25":{"start":{"line":53,"column":15},"end":{"line":53,"column":17}},"26":{"start":{"line":54,"column":16},"end":{"line":54,"column":33}},"27":{"start":{"line":55,"column":16},"end":{"line":55,"column":39}},"28":{"start":{"line":56,"column":4},"end":{"line":58,"column":5}},"29":{"start":{"line":56,"column":17},"end":{"line":56,"column":18}},"30":{"start":{"line":57,"column":6},"end":{"line":57,"column":86}},"31":{"start":{"line":59,"column":4},"end":{"line":59,"column":34}},"32":{"start":{"line":59,"column":29},"end":{"line":59,"column":32}},"33":{"start":{"line":62,"column":24},"end":{"line":69,"column":3}},"34":{"start":{"line":64,"column":4},"end":{"line":68,"column":5}},"35":{"start":{"line":66,"column":36},"end":{"line":66,"column":62}},"36":{"start":{"line":71,"column":20},"end":{"line":82,"column":3}},"37":{"start":{"line":78,"column":20},"end":{"line":78,"column":29}},"38":{"start":{"line":79,"column":21},"end":{"line":79,"column":34}},"39":{"start":{"line":80,"column":16},"end":{"line":80,"column":45}},"40":{"start":{"line":81,"column":4},"end":{"line":81,"column":93}},"41":{"start":{"line":84,"column":2},"end":{"line":88,"column":3}}},"fnMap":{"0":{"name":"(anonymous_0)","decl":{"start":{"line":4,"column":24},"end":{"line":4,"column":25}},"loc":{"start":{"line":4,"column":35},"end":{"line":90,"column":1}},"line":4},"1":{"name":"(anonymous_1)","decl":{"start":{"line":6,"column":22},"end":{"line":6,"column":23}},"loc":{"start":{"line":6,"column":43},"end":{"line":33,"column":3}},"line":6},"2":{"name":"(anonymous_2)","decl":{"start":{"line":32,"column":37},"end":{"line":32,"column":38}},"loc":{"start":{"line":32,"column":64},"end":{"line":32,"column":78}},"line":32},"3":{"name":"(anonymous_3)","decl":{"start":{"line":35,"column":24},"end":{"line":35,"column":25}},"loc":{"start":{"line":35,"column":60},"end":{"line":45,"column":3}},"line":35},"4":{"name":"(anonymous_4)","decl":{"start":{"line":47,"column":20},"end":{"line":47,"column":21}},"loc":{"start":{"line":47,"column":31},"end":{"line":49,"column":3}},"line":47},"5":{"name":"(anonymous_5)","decl":{"start":{"line":51,"column":19},"end":{"line":51,"column":20}},"loc":{"start":{"line":51,"column":30},"end":{"line":60,"column":3}},"line":51},"6":{"name":"(anonymous_6)","decl":{"start":{"line":59,"column":20},"end":{"line":59,"column":21}},"loc":{"start":{"line":59,"column":29},"end":{"line":59,"column":32}},"line":59},"7":{"name":"(anonymous_7)","decl":{"start":{"line":62,"column":24},"end":{"line":62,"column":25}},"loc":{"start":{"line":62,"column":41},"end":{"line":69,"column":3}},"line":62},"8":{"name":"(anonymous_8)","decl":{"start":{"line":66,"column":25},"end":{"line":66,"column":26}},"loc":{"start":{"line":66,"column":36},"end":{"line":66,"column":62}},"line":66},"9":{"name":"(anonymous_9)","decl":{"start":{"line":71,"column":20},"end":{"line":71,"column":21}},"loc":{"start":{"line":71,"column":31},"end":{"line":82,"column":3}},"line":71}},"branchMap":{"0":{"loc":{"start":{"line":11,"column":6},"end":{"line":30,"column":7}},"type":"switch","locations":[{"start":{"line":12,"column":8},"end":{"line":14,"column":16}},{"start":{"line":15,"column":8},"end":{"line":17,"column":16}},{"start":{"line":18,"column":8},"end":{"line":20,"column":16}},{"start":{"line":21,"column":8},"end":{"line":23,"column":16}},{"start":{"line":24,"column":8},"end":{"line":26,"column":16}},{"start":{"line":27,"column":8},"end":{"line":29,"column":16}}],"line":11}},"s":{"0":1,"1":0,"2":0,"3":0,"4":0,"5":0,"6":0,"7":0,"8":0,"9":0,"10":0,"11":0,"12":0,"13":0,"14":0,"15":0,"16":0,"17":0,"18":0,"19":0,"20":0,"21":0,"22":0,"23":0,"24":0,"25":0,"26":0,"27":0,"28":0,"29":0,"30":0,"31":0,"32":0,"33":0,"34":0,"35":0,"36":0,"37":0,"38":0,"39":0,"40":0,"41":0},"f":{"0":0,"1":0,"2":0,"3":0,"4":0,"5":0,"6":0,"7":0,"8":0,"9":0},"b":{"0":[0,0,0,0,0,0]},"_coverageSchema":"1a1c01bbd47fc00a2c39e90264f33305004495a9","hash":"f25b16b16dd05028ab0f6c600e6efe3e8505677e"}
,"/home/nooby/hackreactor/frontendcapstone/client/src/components/Reviews/Input.jsx": {"path":"/home/nooby/hackreactor/frontendcapstone/client/src/components/Reviews/Input.jsx","statementMap":{"0":{"start":{"line":11,"column":14},"end":{"line":354,"column":1}},"1":{"start":{"line":12,"column":38},"end":{"line":17,"column":4}},"2":{"start":{"line":18,"column":30},"end":{"line":18,"column":41}},"3":{"start":{"line":19,"column":46},"end":{"line":19,"column":65}},"4":{"start":{"line":20,"column":48},"end":{"line":20,"column":60}},"5":{"start":{"line":21,"column":30},"end":{"line":21,"column":42}},"6":{"start":{"line":22,"column":38},"end":{"line":22,"column":50}},"7":{"start":{"line":23,"column":26},"end":{"line":23,"column":38}},"8":{"start":{"line":24,"column":44},"end":{"line":24,"column":56}},"9":{"start":{"line":25,"column":32},"end":{"line":25,"column":47}},"10":{"start":{"line":27,"column":25},"end":{"line":35,"column":3}},"11":{"start":{"line":32,"column":4},"end":{"line":34,"column":7}},"12":{"start":{"line":33,"column":6},"end":{"line":33,"column":67}},"13":{"start":{"line":37,"column":22},"end":{"line":49,"column":3}},"14":{"start":{"line":39,"column":16},"end":{"line":39,"column":18}},"15":{"start":{"line":40,"column":4},"end":{"line":42,"column":5}},"16":{"start":{"line":40,"column":17},"end":{"line":40,"column":18}},"17":{"start":{"line":41,"column":6},"end":{"line":41,"column":31}},"18":{"start":{"line":43,"column":4},"end":{"line":48,"column":5}},"19":{"start":{"line":45,"column":29},"end":{"line":45,"column":33}},"20":{"start":{"line":51,"column":21},"end":{"line":59,"column":3}},"21":{"start":{"line":54,"column":4},"end":{"line":58,"column":5}},"22":{"start":{"line":55,"column":6},"end":{"line":55,"column":139}},"23":{"start":{"line":55,"column":106},"end":{"line":55,"column":128}},"24":{"start":{"line":57,"column":6},"end":{"line":57,"column":135}},"25":{"start":{"line":57,"column":102},"end":{"line":57,"column":124}},"26":{"start":{"line":61,"column":30},"end":{"line":82,"column":3}},"27":{"start":{"line":63,"column":4},"end":{"line":81,"column":5}},"28":{"start":{"line":65,"column":8},"end":{"line":65,"column":22}},"29":{"start":{"line":66,"column":8},"end":{"line":66,"column":14}},"30":{"start":{"line":68,"column":8},"end":{"line":68,"column":22}},"31":{"start":{"line":69,"column":8},"end":{"line":69,"column":14}},"32":{"start":{"line":71,"column":8},"end":{"line":71,"column":25}},"33":{"start":{"line":72,"column":8},"end":{"line":72,"column":14}},"34":{"start":{"line":74,"column":8},"end":{"line":74,"column":22}},"35":{"start":{"line":75,"column":8},"end":{"line":75,"column":14}},"36":{"start":{"line":77,"column":8},"end":{"line":77,"column":23}},"37":{"start":{"line":78,"column":8},"end":{"line":78,"column":14}},"38":{"start":{"line":80,"column":8},"end":{"line":80,"column":15}},"39":{"start":{"line":84,"column":26},"end":{"line":86,"column":3}},"40":{"start":{"line":85,"column":4},"end":{"line":85,"column":21}},"41":{"start":{"line":88,"column":32},"end":{"line":98,"column":3}},"42":{"start":{"line":90,"column":4},"end":{"line":97,"column":5}},"43":{"start":{"line":100,"column":36},"end":{"line":107,"column":3}},"44":{"start":{"line":102,"column":4},"end":{"line":106,"column":5}},"45":{"start":{"line":103,"column":6},"end":{"line":103,"column":30}},"46":{"start":{"line":105,"column":6},"end":{"line":105,"column":31}},"47":{"start":{"line":109,"column":32},"end":{"line":116,"column":3}},"48":{"start":{"line":111,"column":32},"end":{"line":111,"column":34}},"49":{"start":{"line":112,"column":4},"end":{"line":114,"column":5}},"50":{"start":{"line":112,"column":17},"end":{"line":112,"column":18}},"51":{"start":{"line":113,"column":6},"end":{"line":113,"column":130}},"52":{"start":{"line":115,"column":4},"end":{"line":115,"column":80}},"53":{"start":{"line":115,"column":64},"end":{"line":115,"column":78}},"54":{"start":{"line":118,"column":42},"end":{"line":134,"column":3}},"55":{"start":{"line":120,"column":4},"end":{"line":133,"column":5}},"56":{"start":{"line":122,"column":8},"end":{"line":122,"column":55}},"57":{"start":{"line":124,"column":8},"end":{"line":124,"column":42}},"58":{"start":{"line":126,"column":8},"end":{"line":126,"column":44}},"59":{"start":{"line":128,"column":8},"end":{"line":128,"column":35}},"60":{"start":{"line":130,"column":8},"end":{"line":130,"column":43}},"61":{"start":{"line":132,"column":8},"end":{"line":132,"column":43}},"62":{"start":{"line":136,"column":39},"end":{"line":149,"column":3}},"63":{"start":{"line":138,"column":4},"end":{"line":148,"column":5}},"64":{"start":{"line":145,"column":83},"end":{"line":145,"column":122}},"65":{"start":{"line":151,"column":41},"end":{"line":162,"column":3}},"66":{"start":{"line":153,"column":34},"end":{"line":153,"column":36}},"67":{"start":{"line":154,"column":4},"end":{"line":156,"column":5}},"68":{"start":{"line":155,"column":6},"end":{"line":155,"column":123}},"69":{"start":{"line":157,"column":4},"end":{"line":161,"column":8}},"70":{"start":{"line":159,"column":64},"end":{"line":159,"column":78}},"71":{"start":{"line":164,"column":36},"end":{"line":168,"column":3}},"72":{"start":{"line":167,"column":4},"end":{"line":167,"column":119}},"73":{"start":{"line":167,"column":49},"end":{"line":167,"column":116}},"74":{"start":{"line":170,"column":23},"end":{"line":185,"column":3}},"75":{"start":{"line":174,"column":4},"end":{"line":184,"column":5}},"76":{"start":{"line":176,"column":31},"end":{"line":176,"column":87}},"77":{"start":{"line":187,"column":27},"end":{"line":190,"column":3}},"78":{"start":{"line":189,"column":4},"end":{"line":189,"column":36}},"79":{"start":{"line":192,"column":27},"end":{"line":201,"column":3}},"80":{"start":{"line":195,"column":20},"end":{"line":195,"column":34}},"81":{"start":{"line":196,"column":4},"end":{"line":196,"column":58}},"82":{"start":{"line":197,"column":4},"end":{"line":197,"column":25}},"83":{"start":{"line":198,"column":24},"end":{"line":198,"column":42}},"84":{"start":{"line":199,"column":4},"end":{"line":199,"column":42}},"85":{"start":{"line":200,"column":4},"end":{"line":200,"column":33}},"86":{"start":{"line":203,"column":23},"end":{"line":232,"column":3}},"87":{"start":{"line":210,"column":4},"end":{"line":210,"column":27}},"88":{"start":{"line":211,"column":4},"end":{"line":211,"column":21}},"89":{"start":{"line":213,"column":17},"end":{"line":213,"column":31}},"90":{"start":{"line":214,"column":4},"end":{"line":218,"column":5}},"91":{"start":{"line":215,"column":6},"end":{"line":215,"column":31}},"92":{"start":{"line":216,"column":6},"end":{"line":216,"column":24}},"93":{"start":{"line":217,"column":6},"end":{"line":217,"column":13}},"94":{"start":{"line":220,"column":4},"end":{"line":231,"column":6}},"95":{"start":{"line":221,"column":22},"end":{"line":221,"column":40}},"96":{"start":{"line":223,"column":6},"end":{"line":223,"column":30}},"97":{"start":{"line":224,"column":6},"end":{"line":224,"column":28}},"98":{"start":{"line":225,"column":6},"end":{"line":225,"column":25}},"99":{"start":{"line":228,"column":6},"end":{"line":228,"column":23}},"100":{"start":{"line":229,"column":6},"end":{"line":229,"column":50}},"101":{"start":{"line":230,"column":6},"end":{"line":230,"column":24}},"102":{"start":{"line":234,"column":26},"end":{"line":252,"column":3}},"103":{"start":{"line":236,"column":4},"end":{"line":251,"column":7}},"104":{"start":{"line":236,"column":49},"end":{"line":236,"column":67}},"105":{"start":{"line":238,"column":6},"end":{"line":238,"column":43}},"106":{"start":{"line":239,"column":19},"end":{"line":239,"column":21}},"107":{"start":{"line":240,"column":6},"end":{"line":242,"column":7}},"108":{"start":{"line":241,"column":8},"end":{"line":241,"column":43}},"109":{"start":{"line":243,"column":6},"end":{"line":243,"column":20}},"110":{"start":{"line":246,"column":6},"end":{"line":246,"column":23}},"111":{"start":{"line":247,"column":6},"end":{"line":247,"column":20}},"112":{"start":{"line":248,"column":6},"end":{"line":248,"column":24}},"113":{"start":{"line":249,"column":6},"end":{"line":249,"column":81}},"114":{"start":{"line":250,"column":6},"end":{"line":250,"column":24}},"115":{"start":{"line":254,"column":22},"end":{"line":264,"column":3}},"116":{"start":{"line":257,"column":14},"end":{"line":257,"column":86}},"117":{"start":{"line":258,"column":24},"end":{"line":258,"column":55}},"118":{"start":{"line":260,"column":19},"end":{"line":260,"column":33}},"119":{"start":{"line":261,"column":4},"end":{"line":261,"column":35}},"120":{"start":{"line":262,"column":4},"end":{"line":262,"column":52}},"121":{"start":{"line":263,"column":4},"end":{"line":263,"column":39}},"122":{"start":{"line":266,"column":21},"end":{"line":280,"column":3}},"123":{"start":{"line":268,"column":17},"end":{"line":278,"column":5}},"124":{"start":{"line":279,"column":4},"end":{"line":279,"column":53}},"125":{"start":{"line":282,"column":23},"end":{"line":308,"column":3}},"126":{"start":{"line":284,"column":17},"end":{"line":284,"column":19}},"127":{"start":{"line":285,"column":4},"end":{"line":287,"column":5}},"128":{"start":{"line":286,"column":6},"end":{"line":286,"column":28}},"129":{"start":{"line":288,"column":4},"end":{"line":290,"column":5}},"130":{"start":{"line":289,"column":6},"end":{"line":289,"column":36}},"131":{"start":{"line":291,"column":4},"end":{"line":296,"column":5}},"132":{"start":{"line":292,"column":15},"end":{"line":292,"column":55}},"133":{"start":{"line":293,"column":6},"end":{"line":295,"column":7}},"134":{"start":{"line":294,"column":8},"end":{"line":294,"column":36}},"135":{"start":{"line":297,"column":4},"end":{"line":299,"column":5}},"136":{"start":{"line":298,"column":6},"end":{"line":298,"column":81}},"137":{"start":{"line":300,"column":4},"end":{"line":302,"column":5}},"138":{"start":{"line":301,"column":6},"end":{"line":301,"column":30}},"139":{"start":{"line":303,"column":4},"end":{"line":305,"column":5}},"140":{"start":{"line":304,"column":6},"end":{"line":304,"column":77}},"141":{"start":{"line":307,"column":4},"end":{"line":307,"column":18}},"142":{"start":{"line":310,"column":24},"end":{"line":316,"column":3}},"143":{"start":{"line":314,"column":13},"end":{"line":314,"column":27}},"144":{"start":{"line":315,"column":4},"end":{"line":315,"column":26}},"145":{"start":{"line":318,"column":2},"end":{"line":353,"column":4}},"146":{"start":{"line":350,"column":47},"end":{"line":350,"column":75}}},"fnMap":{"0":{"name":"(anonymous_0)","decl":{"start":{"line":11,"column":14},"end":{"line":11,"column":15}},"loc":{"start":{"line":11,"column":25},"end":{"line":354,"column":1}},"line":11},"1":{"name":"(anonymous_1)","decl":{"start":{"line":27,"column":25},"end":{"line":27,"column":26}},"loc":{"start":{"line":27,"column":32},"end":{"line":35,"column":3}},"line":27},"2":{"name":"(anonymous_2)","decl":{"start":{"line":32,"column":18},"end":{"line":32,"column":19}},"loc":{"start":{"line":32,"column":38},"end":{"line":34,"column":5}},"line":32},"3":{"name":"(anonymous_3)","decl":{"start":{"line":37,"column":22},"end":{"line":37,"column":23}},"loc":{"start":{"line":37,"column":28},"end":{"line":49,"column":3}},"line":37},"4":{"name":"(anonymous_4)","decl":{"start":{"line":45,"column":19},"end":{"line":45,"column":20}},"loc":{"start":{"line":45,"column":29},"end":{"line":45,"column":33}},"line":45},"5":{"name":"(anonymous_5)","decl":{"start":{"line":51,"column":21},"end":{"line":51,"column":22}},"loc":{"start":{"line":51,"column":32},"end":{"line":59,"column":3}},"line":51},"6":{"name":"(anonymous_6)","decl":{"start":{"line":55,"column":101},"end":{"line":55,"column":102}},"loc":{"start":{"line":55,"column":105},"end":{"line":55,"column":129}},"line":55},"7":{"name":"(anonymous_7)","decl":{"start":{"line":57,"column":97},"end":{"line":57,"column":98}},"loc":{"start":{"line":57,"column":101},"end":{"line":57,"column":125}},"line":57},"8":{"name":"(anonymous_8)","decl":{"start":{"line":61,"column":30},"end":{"line":61,"column":31}},"loc":{"start":{"line":61,"column":36},"end":{"line":82,"column":3}},"line":61},"9":{"name":"(anonymous_9)","decl":{"start":{"line":84,"column":26},"end":{"line":84,"column":27}},"loc":{"start":{"line":84,"column":37},"end":{"line":86,"column":3}},"line":84},"10":{"name":"(anonymous_10)","decl":{"start":{"line":88,"column":32},"end":{"line":88,"column":33}},"loc":{"start":{"line":88,"column":38},"end":{"line":98,"column":3}},"line":88},"11":{"name":"(anonymous_11)","decl":{"start":{"line":100,"column":36},"end":{"line":100,"column":37}},"loc":{"start":{"line":100,"column":43},"end":{"line":107,"column":3}},"line":100},"12":{"name":"(anonymous_12)","decl":{"start":{"line":109,"column":32},"end":{"line":109,"column":33}},"loc":{"start":{"line":109,"column":40},"end":{"line":116,"column":3}},"line":109},"13":{"name":"(anonymous_13)","decl":{"start":{"line":115,"column":37},"end":{"line":115,"column":38}},"loc":{"start":{"line":115,"column":64},"end":{"line":115,"column":78}},"line":115},"14":{"name":"(anonymous_14)","decl":{"start":{"line":118,"column":42},"end":{"line":118,"column":43}},"loc":{"start":{"line":118,"column":62},"end":{"line":134,"column":3}},"line":118},"15":{"name":"(anonymous_15)","decl":{"start":{"line":136,"column":39},"end":{"line":136,"column":40}},"loc":{"start":{"line":136,"column":63},"end":{"line":149,"column":3}},"line":136},"16":{"name":"(anonymous_16)","decl":{"start":{"line":145,"column":67},"end":{"line":145,"column":68}},"loc":{"start":{"line":145,"column":83},"end":{"line":145,"column":122}},"line":145},"17":{"name":"(anonymous_17)","decl":{"start":{"line":151,"column":41},"end":{"line":151,"column":42}},"loc":{"start":{"line":151,"column":47},"end":{"line":162,"column":3}},"line":151},"18":{"name":"(anonymous_18)","decl":{"start":{"line":159,"column":37},"end":{"line":159,"column":38}},"loc":{"start":{"line":159,"column":64},"end":{"line":159,"column":78}},"line":159},"19":{"name":"(anonymous_19)","decl":{"start":{"line":164,"column":36},"end":{"line":164,"column":37}},"loc":{"start":{"line":164,"column":43},"end":{"line":168,"column":3}},"line":164},"20":{"name":"(anonymous_20)","decl":{"start":{"line":167,"column":23},"end":{"line":167,"column":24}},"loc":{"start":{"line":167,"column":49},"end":{"line":167,"column":116}},"line":167},"21":{"name":"(anonymous_21)","decl":{"start":{"line":170,"column":23},"end":{"line":170,"column":24}},"loc":{"start":{"line":170,"column":29},"end":{"line":185,"column":3}},"line":170},"22":{"name":"(anonymous_22)","decl":{"start":{"line":176,"column":20},"end":{"line":176,"column":21}},"loc":{"start":{"line":176,"column":31},"end":{"line":176,"column":87}},"line":176},"23":{"name":"(anonymous_23)","decl":{"start":{"line":187,"column":27},"end":{"line":187,"column":28}},"loc":{"start":{"line":187,"column":33},"end":{"line":190,"column":3}},"line":187},"24":{"name":"(anonymous_24)","decl":{"start":{"line":192,"column":27},"end":{"line":192,"column":28}},"loc":{"start":{"line":192,"column":34},"end":{"line":201,"column":3}},"line":192},"25":{"name":"(anonymous_25)","decl":{"start":{"line":203,"column":23},"end":{"line":203,"column":24}},"loc":{"start":{"line":203,"column":29},"end":{"line":232,"column":3}},"line":203},"26":{"name":"(anonymous_26)","decl":{"start":{"line":221,"column":10},"end":{"line":221,"column":11}},"loc":{"start":{"line":221,"column":22},"end":{"line":221,"column":40}},"line":221},"27":{"name":"(anonymous_27)","decl":{"start":{"line":222,"column":10},"end":{"line":222,"column":11}},"loc":{"start":{"line":222,"column":24},"end":{"line":226,"column":5}},"line":222},"28":{"name":"(anonymous_28)","decl":{"start":{"line":227,"column":11},"end":{"line":227,"column":12}},"loc":{"start":{"line":227,"column":20},"end":{"line":231,"column":5}},"line":227},"29":{"name":"(anonymous_29)","decl":{"start":{"line":234,"column":26},"end":{"line":234,"column":27}},"loc":{"start":{"line":234,"column":32},"end":{"line":252,"column":3}},"line":234},"30":{"name":"(anonymous_30)","decl":{"start":{"line":236,"column":38},"end":{"line":236,"column":39}},"loc":{"start":{"line":236,"column":49},"end":{"line":236,"column":67}},"line":236},"31":{"name":"(anonymous_31)","decl":{"start":{"line":237,"column":10},"end":{"line":237,"column":11}},"loc":{"start":{"line":237,"column":24},"end":{"line":244,"column":5}},"line":237},"32":{"name":"(anonymous_32)","decl":{"start":{"line":245,"column":11},"end":{"line":245,"column":12}},"loc":{"start":{"line":245,"column":20},"end":{"line":251,"column":5}},"line":245},"33":{"name":"(anonymous_33)","decl":{"start":{"line":254,"column":22},"end":{"line":254,"column":23}},"loc":{"start":{"line":254,"column":33},"end":{"line":264,"column":3}},"line":254},"34":{"name":"(anonymous_34)","decl":{"start":{"line":266,"column":21},"end":{"line":266,"column":22}},"loc":{"start":{"line":266,"column":33},"end":{"line":280,"column":3}},"line":266},"35":{"name":"(anonymous_35)","decl":{"start":{"line":282,"column":23},"end":{"line":282,"column":24}},"loc":{"start":{"line":282,"column":29},"end":{"line":308,"column":3}},"line":282},"36":{"name":"(anonymous_36)","decl":{"start":{"line":310,"column":24},"end":{"line":310,"column":25}},"loc":{"start":{"line":310,"column":35},"end":{"line":316,"column":3}},"line":310},"37":{"name":"(anonymous_37)","decl":{"start":{"line":350,"column":27},"end":{"line":350,"column":28}},"loc":{"start":{"line":350,"column":47},"end":{"line":350,"column":75}},"line":350}},"branchMap":{"0":{"loc":{"start":{"line":54,"column":4},"end":{"line":58,"column":5}},"type":"if","locations":[{"start":{"line":54,"column":4},"end":{"line":58,"column":5}},{"start":{"line":56,"column":11},"end":{"line":58,"column":5}}],"line":54},"1":{"loc":{"start":{"line":63,"column":4},"end":{"line":81,"column":5}},"type":"switch","locations":[{"start":{"line":64,"column":6},"end":{"line":66,"column":14}},{"start":{"line":67,"column":6},"end":{"line":69,"column":14}},{"start":{"line":70,"column":6},"end":{"line":72,"column":14}},{"start":{"line":73,"column":6},"end":{"line":75,"column":14}},{"start":{"line":76,"column":6},"end":{"line":78,"column":14}},{"start":{"line":79,"column":6},"end":{"line":80,"column":15}}],"line":63},"2":{"loc":{"start":{"line":102,"column":4},"end":{"line":106,"column":5}},"type":"if","locations":[{"start":{"line":102,"column":4},"end":{"line":106,"column":5}},{"start":{"line":104,"column":11},"end":{"line":106,"column":5}}],"line":102},"3":{"loc":{"start":{"line":120,"column":4},"end":{"line":133,"column":5}},"type":"switch","locations":[{"start":{"line":121,"column":6},"end":{"line":122,"column":55}},{"start":{"line":123,"column":6},"end":{"line":124,"column":42}},{"start":{"line":125,"column":6},"end":{"line":126,"column":44}},{"start":{"line":127,"column":6},"end":{"line":128,"column":35}},{"start":{"line":129,"column":6},"end":{"line":130,"column":43}},{"start":{"line":131,"column":6},"end":{"line":132,"column":43}}],"line":120},"4":{"loc":{"start":{"line":177,"column":9},"end":{"line":181,"column":16}},"type":"binary-expr","locations":[{"start":{"line":177,"column":9},"end":{"line":177,"column":26}},{"start":{"line":178,"column":10},"end":{"line":181,"column":16}}],"line":177},"5":{"loc":{"start":{"line":214,"column":4},"end":{"line":218,"column":5}},"type":"if","locations":[{"start":{"line":214,"column":4},"end":{"line":218,"column":5}},{"start":{},"end":{}}],"line":214},"6":{"loc":{"start":{"line":285,"column":4},"end":{"line":287,"column":5}},"type":"if","locations":[{"start":{"line":285,"column":4},"end":{"line":287,"column":5}},{"start":{},"end":{}}],"line":285},"7":{"loc":{"start":{"line":288,"column":4},"end":{"line":290,"column":5}},"type":"if","locations":[{"start":{"line":288,"column":4},"end":{"line":290,"column":5}},{"start":{},"end":{}}],"line":288},"8":{"loc":{"start":{"line":293,"column":6},"end":{"line":295,"column":7}},"type":"if","locations":[{"start":{"line":293,"column":6},"end":{"line":295,"column":7}},{"start":{},"end":{}}],"line":293},"9":{"loc":{"start":{"line":297,"column":4},"end":{"line":299,"column":5}},"type":"if","locations":[{"start":{"line":297,"column":4},"end":{"line":299,"column":5}},{"start":{},"end":{}}],"line":297},"10":{"loc":{"start":{"line":298,"column":18},"end":{"line":298,"column":79}},"type":"cond-expr","locations":[{"start":{"line":298,"column":49},"end":{"line":298,"column":55}},{"start":{"line":298,"column":58},"end":{"line":298,"column":79}}],"line":298},"11":{"loc":{"start":{"line":300,"column":4},"end":{"line":302,"column":5}},"type":"if","locations":[{"start":{"line":300,"column":4},"end":{"line":302,"column":5}},{"start":{},"end":{}}],"line":300},"12":{"loc":{"start":{"line":303,"column":4},"end":{"line":305,"column":5}},"type":"if","locations":[{"start":{"line":303,"column":4},"end":{"line":305,"column":5}},{"start":{},"end":{}}],"line":303},"13":{"loc":{"start":{"line":304,"column":18},"end":{"line":304,"column":75}},"type":"cond-expr","locations":[{"start":{"line":304,"column":50},"end":{"line":304,"column":57}},{"start":{"line":304,"column":60},"end":{"line":304,"column":75}}],"line":304},"14":{"loc":{"start":{"line":333,"column":7},"end":{"line":335,"column":29}},"type":"cond-expr","locations":[{"start":{"line":334,"column":7},"end":{"line":334,"column":79}},{"start":{"line":335,"column":7},"end":{"line":335,"column":29}}],"line":333},"15":{"loc":{"start":{"line":344,"column":7},"end":{"line":346,"column":96}},"type":"cond-expr","locations":[{"start":{"line":345,"column":8},"end":{"line":345,"column":72}},{"start":{"line":346,"column":8},"end":{"line":346,"column":96}}],"line":344},"16":{"loc":{"start":{"line":347,"column":7},"end":{"line":351,"column":12}},"type":"binary-expr","locations":[{"start":{"line":347,"column":7},"end":{"line":347,"column":32}},{"start":{"line":348,"column":6},"end":{"line":351,"column":12}}],"line":347}},"s":{"0":1,"1":0,"2":0,"3":0,"4":0,"5":0,"6":0,"7":0,"8":0,"9":0,"10":0,"11":0,"12":0,"13":0,"14":0,"15":0,"16":0,"17":0,"18":0,"19":0,"20":0,"21":0,"22":0,"23":0,"24":0,"25":0,"26":0,"27":0,"28":0,"29":0,"30":0,"31":0,"32":0,"33":0,"34":0,"35":0,"36":0,"37":0,"38":0,"39":0,"40":0,"41":0,"42":0,"43":0,"44":0,"45":0,"46":0,"47":0,"48":0,"49":0,"50":0,"51":0,"52":0,"53":0,"54":0,"55":0,"56":0,"57":0,"58":0,"59":0,"60":0,"61":0,"62":0,"63":0,"64":0,"65":0,"66":0,"67":0,"68":0,"69":0,"70":0,"71":0,"72":0,"73":0,"74":0,"75":0,"76":0,"77":0,"78":0,"79":0,"80":0,"81":0,"82":0,"83":0,"84":0,"85":0,"86":0,"87":0,"88":0,"89":0,"90":0,"91":0,"92":0,"93":0,"94":0,"95":0,"96":0,"97":0,"98":0,"99":0,"100":0,"101":0,"102":0,"103":0,"104":0,"105":0,"106":0,"107":0,"108":0,"109":0,"110":0,"111":0,"112":0,"113":0,"114":0,"115":0,"116":0,"117":0,"118":0,"119":0,"120":0,"121":0,"122":0,"123":0,"124":0,"125":0,"126":0,"127":0,"128":0,"129":0,"130":0,"131":0,"132":0,"133":0,"134":0,"135":0,"136":0,"137":0,"138":0,"139":0,"140":0,"141":0,"142":0,"143":0,"144":0,"145":0,"146":0},"f":{"0":0,"1":0,"2":0,"3":0,"4":0,"5":0,"6":0,"7":0,"8":0,"9":0,"10":0,"11":0,"12":0,"13":0,"14":0,"15":0,"16":0,"17":0,"18":0,"19":0,"20":0,"21":0,"22":0,"23":0,"24":0,"25":0,"26":0,"27":0,"28":0,"29":0,"30":0,"31":0,"32":0,"33":0,"34":0,"35":0,"36":0,"37":0},"b":{"0":[0,0],"1":[0,0,0,0,0,0],"2":[0,0],"3":[0,0,0,0,0,0],"4":[0,0],"5":[0,0],"6":[0,0],"7":[0,0],"8":[0,0],"9":[0,0],"10":[0,0],"11":[0,0],"12":[0,0],"13":[0,0],"14":[0,0],"15":[0,0],"16":[0,0]},"_coverageSchema":"1a1c01bbd47fc00a2c39e90264f33305004495a9","hash":"36d54d1b9ccba34cb914eef1f4451b34650e25f9"}
,"/home/nooby/hackreactor/frontendcapstone/client/src/components/Reviews/InputOverlay.jsx": {"path":"/home/nooby/hackreactor/frontendcapstone/client/src/components/Reviews/InputOverlay.jsx","statementMap":{"0":{"start":{"line":4,"column":21},"end":{"line":18,"column":1}},"1":{"start":{"line":6,"column":2},"end":{"line":17,"column":3}}},"fnMap":{"0":{"name":"(anonymous_0)","decl":{"start":{"line":4,"column":21},"end":{"line":4,"column":22}},"loc":{"start":{"line":4,"column":32},"end":{"line":18,"column":1}},"line":4}},"branchMap":{},"s":{"0":1,"1":0},"f":{"0":0},"b":{},"_coverageSchema":"1a1c01bbd47fc00a2c39e90264f33305004495a9","hash":"62a1fbd03eead95c9186ccd7c793bf531accba53"}
,"/home/nooby/hackreactor/frontendcapstone/client/src/components/Reviews/List.jsx": {"path":"/home/nooby/hackreactor/frontendcapstone/client/src/components/Reviews/List.jsx","statementMap":{"0":{"start":{"line":8,"column":13},"end":{"line":57,"column":1}},"1":{"start":{"line":9,"column":32},"end":{"line":9,"column":47}},"2":{"start":{"line":11,"column":24},"end":{"line":13,"column":3}},"3":{"start":{"line":12,"column":4},"end":{"line":12,"column":25}},"4":{"start":{"line":15,"column":2},"end":{"line":55,"column":3}},"5":{"start":{"line":37,"column":10},"end":{"line":44,"column":12}}},"fnMap":{"0":{"name":"(anonymous_0)","decl":{"start":{"line":8,"column":13},"end":{"line":8,"column":14}},"loc":{"start":{"line":8,"column":24},"end":{"line":57,"column":1}},"line":8},"1":{"name":"(anonymous_1)","decl":{"start":{"line":11,"column":24},"end":{"line":11,"column":25}},"loc":{"start":{"line":11,"column":30},"end":{"line":13,"column":3}},"line":11},"2":{"name":"(anonymous_2)","decl":{"start":{"line":36,"column":33},"end":{"line":36,"column":34}},"loc":{"start":{"line":37,"column":10},"end":{"line":44,"column":12}},"line":37}},"branchMap":{"0":{"loc":{"start":{"line":17,"column":7},"end":{"line":24,"column":10}},"type":"binary-expr","locations":[{"start":{"line":17,"column":7},"end":{"line":17,"column":14}},{"start":{"line":18,"column":8},"end":{"line":24,"column":10}}],"line":17},"1":{"loc":{"start":{"line":34,"column":7},"end":{"line":47,"column":63}},"type":"cond-expr","locations":[{"start":{"line":35,"column":7},"end":{"line":46,"column":12}},{"start":{"line":47,"column":7},"end":{"line":47,"column":63}}],"line":34},"2":{"loc":{"start":{"line":50,"column":9},"end":{"line":51,"column":102}},"type":"binary-expr","locations":[{"start":{"line":50,"column":11},"end":{"line":50,"column":72}},{"start":{"line":50,"column":77},"end":{"line":50,"column":101}},{"start":{"line":51,"column":11},"end":{"line":51,"column":102}}],"line":50}},"s":{"0":1,"1":0,"2":0,"3":0,"4":0,"5":0},"f":{"0":0,"1":0,"2":0},"b":{"0":[0,0],"1":[0,0],"2":[0,0,0]},"_coverageSchema":"1a1c01bbd47fc00a2c39e90264f33305004495a9","hash":"e28d699e10a01bc310892b932858a0728b53c78a"}
,"/home/nooby/hackreactor/frontendcapstone/client/src/components/Reviews/PhotoOverlay.jsx": {"path":"/home/nooby/hackreactor/frontendcapstone/client/src/components/Reviews/PhotoOverlay.jsx","statementMap":{"0":{"start":{"line":4,"column":21},"end":{"line":12,"column":1}},"1":{"start":{"line":5,"column":2},"end":{"line":11,"column":3}}},"fnMap":{"0":{"name":"(anonymous_0)","decl":{"start":{"line":4,"column":21},"end":{"line":4,"column":22}},"loc":{"start":{"line":4,"column":32},"end":{"line":12,"column":1}},"line":4}},"branchMap":{},"s":{"0":1,"1":0},"f":{"0":0},"b":{},"_coverageSchema":"1a1c01bbd47fc00a2c39e90264f33305004495a9","hash":"6ec332ca37c7a14b1f9892389531842b8806d006"}
,"/home/nooby/hackreactor/frontendcapstone/client/src/components/Reviews/Reviews.jsx": {"path":"/home/nooby/hackreactor/frontendcapstone/client/src/components/Reviews/Reviews.jsx","statementMap":{"0":{"start":{"line":8,"column":16},"end":{"line":209,"column":1}},"1":{"start":{"line":9,"column":52},"end":{"line":9,"column":64}},"2":{"start":{"line":10,"column":54},"end":{"line":10,"column":65}},"3":{"start":{"line":11,"column":40},"end":{"line":11,"column":55}},"4":{"start":{"line":13,"column":32},"end":{"line":13,"column":44}},"5":{"start":{"line":14,"column":42},"end":{"line":14,"column":53}},"6":{"start":{"line":15,"column":44},"end":{"line":15,"column":55}},"7":{"start":{"line":16,"column":48},"end":{"line":16,"column":60}},"8":{"start":{"line":17,"column":44},"end":{"line":17,"column":56}},"9":{"start":{"line":18,"column":40},"end":{"line":18,"column":52}},"10":{"start":{"line":19,"column":40},"end":{"line":19,"column":95}},"11":{"start":{"line":20,"column":38},"end":{"line":20,"column":53}},"12":{"start":{"line":21,"column":38},"end":{"line":21,"column":49}},"13":{"start":{"line":22,"column":26},"end":{"line":22,"column":46}},"14":{"start":{"line":24,"column":2},"end":{"line":53,"column":20}},"15":{"start":{"line":25,"column":4},"end":{"line":27,"column":5}},"16":{"start":{"line":26,"column":6},"end":{"line":26,"column":65}},"17":{"start":{"line":28,"column":4},"end":{"line":30,"column":5}},"18":{"start":{"line":29,"column":6},"end":{"line":29,"column":105}},"19":{"start":{"line":31,"column":4},"end":{"line":33,"column":5}},"20":{"start":{"line":32,"column":6},"end":{"line":32,"column":47}},"21":{"start":{"line":35,"column":22},"end":{"line":35,"column":69}},"22":{"start":{"line":36,"column":4},"end":{"line":36,"column":32}},"23":{"start":{"line":37,"column":4},"end":{"line":37,"column":45}},"24":{"start":{"line":38,"column":4},"end":{"line":38,"column":42}},"25":{"start":{"line":41,"column":18},"end":{"line":41,"column":55}},"26":{"start":{"line":42,"column":26},"end":{"line":42,"column":52}},"27":{"start":{"line":44,"column":28},"end":{"line":44,"column":88}},"28":{"start":{"line":44,"column":52},"end":{"line":44,"column":87}},"29":{"start":{"line":46,"column":31},"end":{"line":46,"column":95}},"30":{"start":{"line":47,"column":30},"end":{"line":47,"column":91}},"31":{"start":{"line":49,"column":4},"end":{"line":49,"column":44}},"32":{"start":{"line":50,"column":4},"end":{"line":50,"column":57}},"33":{"start":{"line":52,"column":4},"end":{"line":52,"column":23}},"34":{"start":{"line":55,"column":27},"end":{"line":67,"column":3}},"35":{"start":{"line":57,"column":17},"end":{"line":57,"column":90}},"36":{"start":{"line":58,"column":4},"end":{"line":66,"column":7}},"37":{"start":{"line":61,"column":6},"end":{"line":61,"column":39}},"38":{"start":{"line":62,"column":28},"end":{"line":62,"column":63}},"39":{"start":{"line":63,"column":6},"end":{"line":63,"column":42}},"40":{"start":{"line":64,"column":6},"end":{"line":64,"column":61}},"41":{"start":{"line":65,"column":6},"end":{"line":65,"column":26}},"42":{"start":{"line":69,"column":24},"end":{"line":88,"column":3}},"43":{"start":{"line":71,"column":26},"end":{"line":71,"column":28}},"44":{"start":{"line":72,"column":21},"end":{"line":72,"column":46}},"45":{"start":{"line":74,"column":4},"end":{"line":86,"column":5}},"46":{"start":{"line":75,"column":6},"end":{"line":85,"column":7}},"47":{"start":{"line":76,"column":8},"end":{"line":78,"column":9}},"48":{"start":{"line":77,"column":10},"end":{"line":77,"column":39}},"49":{"start":{"line":80,"column":8},"end":{"line":84,"column":9}},"50":{"start":{"line":81,"column":10},"end":{"line":83,"column":11}},"51":{"start":{"line":82,"column":12},"end":{"line":82,"column":41}},"52":{"start":{"line":87,"column":4},"end":{"line":87,"column":27}},"53":{"start":{"line":90,"column":23},"end":{"line":98,"column":3}},"54":{"start":{"line":92,"column":4},"end":{"line":96,"column":5}},"55":{"start":{"line":93,"column":6},"end":{"line":95,"column":7}},"56":{"start":{"line":94,"column":8},"end":{"line":94,"column":20}},"57":{"start":{"line":97,"column":4},"end":{"line":97,"column":17}},"58":{"start":{"line":100,"column":27},"end":{"line":104,"column":3}},"59":{"start":{"line":101,"column":4},"end":{"line":101,"column":103}},"60":{"start":{"line":102,"column":4},"end":{"line":102,"column":66}},"61":{"start":{"line":103,"column":4},"end":{"line":103,"column":25}},"62":{"start":{"line":106,"column":24},"end":{"line":108,"column":3}},"63":{"start":{"line":124,"column":30},"end":{"line":130,"column":3}},"64":{"start":{"line":125,"column":4},"end":{"line":129,"column":5}},"65":{"start":{"line":126,"column":6},"end":{"line":126,"column":37}},"66":{"start":{"line":128,"column":6},"end":{"line":128,"column":25}},"67":{"start":{"line":132,"column":26},"end":{"line":138,"column":3}},"68":{"start":{"line":133,"column":4},"end":{"line":133,"column":104}},"69":{"start":{"line":134,"column":17},"end":{"line":134,"column":63}},"70":{"start":{"line":136,"column":4},"end":{"line":136,"column":26}},"71":{"start":{"line":137,"column":4},"end":{"line":137,"column":39}},"72":{"start":{"line":140,"column":29},"end":{"line":143,"column":3}},"73":{"start":{"line":141,"column":4},"end":{"line":141,"column":49}},"74":{"start":{"line":142,"column":4},"end":{"line":142,"column":28}},"75":{"start":{"line":145,"column":2},"end":{"line":150,"column":32}},"76":{"start":{"line":147,"column":26},"end":{"line":147,"column":48}},"77":{"start":{"line":148,"column":4},"end":{"line":148,"column":40}},"78":{"start":{"line":149,"column":4},"end":{"line":149,"column":59}},"79":{"start":{"line":152,"column":2},"end":{"line":155,"column":12}},"80":{"start":{"line":154,"column":4},"end":{"line":154,"column":23}},"81":{"start":{"line":157,"column":23},"end":{"line":163,"column":3}},"82":{"start":{"line":159,"column":30},"end":{"line":159,"column":53}},"83":{"start":{"line":160,"column":4},"end":{"line":160,"column":41}},"84":{"start":{"line":161,"column":4},"end":{"line":161,"column":44}},"85":{"start":{"line":162,"column":4},"end":{"line":162,"column":63}},"86":{"start":{"line":165,"column":25},"end":{"line":169,"column":3}},"87":{"start":{"line":167,"column":4},"end":{"line":167,"column":63}},"88":{"start":{"line":168,"column":4},"end":{"line":168,"column":34}},"89":{"start":{"line":171,"column":2},"end":{"line":208,"column":3}}},"fnMap":{"0":{"name":"(anonymous_0)","decl":{"start":{"line":8,"column":16},"end":{"line":8,"column":17}},"loc":{"start":{"line":8,"column":27},"end":{"line":209,"column":1}},"line":8},"1":{"name":"(anonymous_1)","decl":{"start":{"line":24,"column":12},"end":{"line":24,"column":13}},"loc":{"start":{"line":24,"column":18},"end":{"line":53,"column":3}},"line":24},"2":{"name":"(anonymous_2)","decl":{"start":{"line":44,"column":40},"end":{"line":44,"column":41}},"loc":{"start":{"line":44,"column":52},"end":{"line":44,"column":87}},"line":44},"3":{"name":"(anonymous_3)","decl":{"start":{"line":55,"column":27},"end":{"line":55,"column":28}},"loc":{"start":{"line":55,"column":33},"end":{"line":67,"column":3}},"line":55},"4":{"name":"(anonymous_4)","decl":{"start":{"line":59,"column":10},"end":{"line":59,"column":11}},"loc":{"start":{"line":59,"column":23},"end":{"line":66,"column":5}},"line":59},"5":{"name":"(anonymous_5)","decl":{"start":{"line":69,"column":24},"end":{"line":69,"column":25}},"loc":{"start":{"line":69,"column":37},"end":{"line":88,"column":3}},"line":69},"6":{"name":"(anonymous_6)","decl":{"start":{"line":90,"column":23},"end":{"line":90,"column":24}},"loc":{"start":{"line":90,"column":40},"end":{"line":98,"column":3}},"line":90},"7":{"name":"(anonymous_7)","decl":{"start":{"line":100,"column":27},"end":{"line":100,"column":28}},"loc":{"start":{"line":100,"column":33},"end":{"line":104,"column":3}},"line":100},"8":{"name":"(anonymous_8)","decl":{"start":{"line":106,"column":24},"end":{"line":106,"column":25}},"loc":{"start":{"line":106,"column":30},"end":{"line":108,"column":3}},"line":106},"9":{"name":"(anonymous_9)","decl":{"start":{"line":124,"column":30},"end":{"line":124,"column":31}},"loc":{"start":{"line":124,"column":37},"end":{"line":130,"column":3}},"line":124},"10":{"name":"(anonymous_10)","decl":{"start":{"line":132,"column":26},"end":{"line":132,"column":27}},"loc":{"start":{"line":132,"column":37},"end":{"line":138,"column":3}},"line":132},"11":{"name":"(anonymous_11)","decl":{"start":{"line":140,"column":29},"end":{"line":140,"column":30}},"loc":{"start":{"line":140,"column":36},"end":{"line":143,"column":3}},"line":140},"12":{"name":"(anonymous_12)","decl":{"start":{"line":145,"column":12},"end":{"line":145,"column":13}},"loc":{"start":{"line":145,"column":18},"end":{"line":150,"column":3}},"line":145},"13":{"name":"(anonymous_13)","decl":{"start":{"line":152,"column":12},"end":{"line":152,"column":13}},"loc":{"start":{"line":152,"column":18},"end":{"line":155,"column":3}},"line":152},"14":{"name":"(anonymous_14)","decl":{"start":{"line":157,"column":23},"end":{"line":157,"column":24}},"loc":{"start":{"line":157,"column":34},"end":{"line":163,"column":3}},"line":157},"15":{"name":"(anonymous_15)","decl":{"start":{"line":165,"column":25},"end":{"line":165,"column":26}},"loc":{"start":{"line":165,"column":31},"end":{"line":169,"column":3}},"line":165}},"branchMap":{"0":{"loc":{"start":{"line":25,"column":4},"end":{"line":27,"column":5}},"type":"if","locations":[{"start":{"line":25,"column":4},"end":{"line":27,"column":5}},{"start":{},"end":{}}],"line":25},"1":{"loc":{"start":{"line":28,"column":4},"end":{"line":30,"column":5}},"type":"if","locations":[{"start":{"line":28,"column":4},"end":{"line":30,"column":5}},{"start":{},"end":{}}],"line":28},"2":{"loc":{"start":{"line":31,"column":4},"end":{"line":33,"column":5}},"type":"if","locations":[{"start":{"line":31,"column":4},"end":{"line":33,"column":5}},{"start":{},"end":{}}],"line":31},"3":{"loc":{"start":{"line":75,"column":6},"end":{"line":85,"column":7}},"type":"if","locations":[{"start":{"line":75,"column":6},"end":{"line":85,"column":7}},{"start":{"line":79,"column":13},"end":{"line":85,"column":7}}],"line":75},"4":{"loc":{"start":{"line":76,"column":8},"end":{"line":78,"column":9}},"type":"if","locations":[{"start":{"line":76,"column":8},"end":{"line":78,"column":9}},{"start":{},"end":{}}],"line":76},"5":{"loc":{"start":{"line":80,"column":8},"end":{"line":84,"column":9}},"type":"if","locations":[{"start":{"line":80,"column":8},"end":{"line":84,"column":9}},{"start":{},"end":{}}],"line":80},"6":{"loc":{"start":{"line":81,"column":10},"end":{"line":83,"column":11}},"type":"if","locations":[{"start":{"line":81,"column":10},"end":{"line":83,"column":11}},{"start":{},"end":{}}],"line":81},"7":{"loc":{"start":{"line":93,"column":6},"end":{"line":95,"column":7}},"type":"if","locations":[{"start":{"line":93,"column":6},"end":{"line":95,"column":7}},{"start":{},"end":{}}],"line":93},"8":{"loc":{"start":{"line":125,"column":4},"end":{"line":129,"column":5}},"type":"if","locations":[{"start":{"line":125,"column":4},"end":{"line":129,"column":5}},{"start":{"line":127,"column":11},"end":{"line":129,"column":5}}],"line":125},"9":{"loc":{"start":{"line":173,"column":7},"end":{"line":206,"column":37}},"type":"cond-expr","locations":[{"start":{"line":174,"column":7},"end":{"line":205,"column":12}},{"start":{"line":206,"column":7},"end":{"line":206,"column":37}}],"line":173}},"s":{"0":1,"1":3,"2":3,"3":3,"4":3,"5":3,"6":3,"7":3,"8":3,"9":3,"10":3,"11":3,"12":3,"13":3,"14":3,"15":1,"16":1,"17":1,"18":1,"19":1,"20":1,"21":1,"22":1,"23":1,"24":1,"25":1,"26":1,"27":1,"28":3,"29":1,"30":1,"31":1,"32":1,"33":1,"34":3,"35":2,"36":2,"37":0,"38":0,"39":0,"40":0,"41":0,"42":3,"43":2,"44":2,"45":2,"46":0,"47":0,"48":0,"49":0,"50":0,"51":0,"52":2,"53":3,"54":3,"55":15,"56":0,"57":3,"58":3,"59":0,"60":0,"61":0,"62":3,"63":3,"64":0,"65":0,"66":0,"67":3,"68":0,"69":0,"70":0,"71":0,"72":3,"73":0,"74":0,"75":3,"76":2,"77":2,"78":2,"79":3,"80":1,"81":3,"82":0,"83":0,"84":0,"85":0,"86":3,"87":0,"88":0,"89":3},"f":{"0":3,"1":1,"2":3,"3":2,"4":0,"5":2,"6":3,"7":0,"8":0,"9":0,"10":0,"11":0,"12":2,"13":1,"14":0,"15":0},"b":{"0":[1,0],"1":[1,0],"2":[1,0],"3":[0,0],"4":[0,0],"5":[0,0],"6":[0,0],"7":[0,15],"8":[0,0],"9":[0,3]},"_coverageSchema":"1a1c01bbd47fc00a2c39e90264f33305004495a9","hash":"8601778584162cfc4590d8c99eeea8d66fbe7b5c"}
,"/home/nooby/hackreactor/frontendcapstone/client/src/components/Reviews/Search.jsx": {"path":"/home/nooby/hackreactor/frontendcapstone/client/src/components/Reviews/Search.jsx","statementMap":{"0":{"start":{"line":4,"column":15},"end":{"line":12,"column":1}},"1":{"start":{"line":6,"column":2},"end":{"line":11,"column":3}}},"fnMap":{"0":{"name":"(anonymous_0)","decl":{"start":{"line":4,"column":15},"end":{"line":4,"column":16}},"loc":{"start":{"line":4,"column":26},"end":{"line":12,"column":1}},"line":4}},"branchMap":{},"s":{"0":1,"1":0},"f":{"0":0},"b":{},"_coverageSchema":"1a1c01bbd47fc00a2c39e90264f33305004495a9","hash":"d326f337c8093de20efec9a2b50bb60208f3be2a"}
,"/home/nooby/hackreactor/frontendcapstone/client/src/components/Reviews/SideBar.jsx": {"path":"/home/nooby/hackreactor/frontendcapstone/client/src/components/Reviews/SideBar.jsx","statementMap":{"0":{"start":{"line":5,"column":16},"end":{"line":31,"column":1}},"1":{"start":{"line":7,"column":2},"end":{"line":30,"column":4}}},"fnMap":{"0":{"name":"(anonymous_0)","decl":{"start":{"line":5,"column":16},"end":{"line":5,"column":17}},"loc":{"start":{"line":5,"column":27},"end":{"line":31,"column":1}},"line":5}},"branchMap":{},"s":{"0":1,"1":0},"f":{"0":0},"b":{},"_coverageSchema":"1a1c01bbd47fc00a2c39e90264f33305004495a9","hash":"203e1952c5852039d9050bd68de63633d25986d1"}
,"/home/nooby/hackreactor/frontendcapstone/client/src/components/Reviews/Sort.jsx": {"path":"/home/nooby/hackreactor/frontendcapstone/client/src/components/Reviews/Sort.jsx","statementMap":{"0":{"start":{"line":3,"column":13},"end":{"line":12,"column":1}},"1":{"start":{"line":5,"column":2},"end":{"line":11,"column":3}}},"fnMap":{"0":{"name":"(anonymous_0)","decl":{"start":{"line":3,"column":13},"end":{"line":3,"column":14}},"loc":{"start":{"line":3,"column":24},"end":{"line":12,"column":1}},"line":3}},"branchMap":{},"s":{"0":1,"1":0},"f":{"0":0},"b":{},"_coverageSchema":"1a1c01bbd47fc00a2c39e90264f33305004495a9","hash":"c14f3afbfcac1e89b3f904f968d3ecb7f9d737de"}
,"/home/nooby/hackreactor/frontendcapstone/client/src/components/Reviews/Tile.jsx": {"path":"/home/nooby/hackreactor/frontendcapstone/client/src/components/Reviews/Tile.jsx","statementMap":{"0":{"start":{"line":7,"column":13},"end":{"line":134,"column":1}},"1":{"start":{"line":8,"column":38},"end":{"line":8,"column":53}},"2":{"start":{"line":9,"column":46},"end":{"line":9,"column":61}},"3":{"start":{"line":10,"column":32},"end":{"line":10,"column":47}},"4":{"start":{"line":11,"column":34},"end":{"line":11,"column":49}},"5":{"start":{"line":12,"column":42},"end":{"line":12,"column":54}},"6":{"start":{"line":14,"column":21},"end":{"line":19,"column":3}},"7":{"start":{"line":15,"column":15},"end":{"line":15,"column":41}},"8":{"start":{"line":16,"column":15},"end":{"line":16,"column":65}},"9":{"start":{"line":17,"column":4},"end":{"line":17,"column":30}},"10":{"start":{"line":18,"column":4},"end":{"line":18,"column":16}},"11":{"start":{"line":21,"column":22},"end":{"line":23,"column":3}},"12":{"start":{"line":22,"column":4},"end":{"line":22,"column":69}},"13":{"start":{"line":22,"column":63},"end":{"line":22,"column":67}},"14":{"start":{"line":25,"column":20},"end":{"line":36,"column":3}},"15":{"start":{"line":27,"column":21},"end":{"line":27,"column":63}},"16":{"start":{"line":28,"column":4},"end":{"line":35,"column":5}},"17":{"start":{"line":29,"column":6},"end":{"line":29,"column":52}},"18":{"start":{"line":30,"column":6},"end":{"line":30,"column":42}},"19":{"start":{"line":31,"column":6},"end":{"line":31,"column":104}},"20":{"start":{"line":31,"column":45},"end":{"line":31,"column":102}},"21":{"start":{"line":33,"column":6},"end":{"line":33,"column":42}},"22":{"start":{"line":34,"column":6},"end":{"line":34,"column":104}},"23":{"start":{"line":34,"column":45},"end":{"line":34,"column":102}},"24":{"start":{"line":38,"column":24},"end":{"line":42,"column":3}},"25":{"start":{"line":39,"column":25},"end":{"line":39,"column":71}},"26":{"start":{"line":40,"column":4},"end":{"line":40,"column":48}},"27":{"start":{"line":41,"column":4},"end":{"line":41,"column":118}},"28":{"start":{"line":41,"column":51},"end":{"line":41,"column":116}},"29":{"start":{"line":44,"column":25},"end":{"line":46,"column":3}},"30":{"start":{"line":45,"column":4},"end":{"line":45,"column":22}},"31":{"start":{"line":48,"column":24},"end":{"line":70,"column":3}},"32":{"start":{"line":51,"column":27},"end":{"line":51,"column":77}},"33":{"start":{"line":52,"column":4},"end":{"line":69,"column":5}},"34":{"start":{"line":53,"column":6},"end":{"line":55,"column":7}},"35":{"start":{"line":56,"column":11},"end":{"line":69,"column":5}},"36":{"start":{"line":57,"column":6},"end":{"line":59,"column":7}},"37":{"start":{"line":61,"column":6},"end":{"line":68,"column":7}},"38":{"start":{"line":64,"column":26},"end":{"line":64,"column":45}},"39":{"start":{"line":65,"column":26},"end":{"line":65,"column":46}},"40":{"start":{"line":72,"column":24},"end":{"line":87,"column":3}},"41":{"start":{"line":75,"column":4},"end":{"line":79,"column":5}},"42":{"start":{"line":76,"column":6},"end":{"line":78,"column":40}},"43":{"start":{"line":77,"column":18},"end":{"line":77,"column":47}},"44":{"start":{"line":78,"column":22},"end":{"line":78,"column":38}},"45":{"start":{"line":81,"column":20},"end":{"line":81,"column":42}},"46":{"start":{"line":83,"column":27},"end":{"line":83,"column":77}},"47":{"start":{"line":84,"column":4},"end":{"line":84,"column":79}},"48":{"start":{"line":85,"column":4},"end":{"line":85,"column":77}},"49":{"start":{"line":86,"column":4},"end":{"line":86,"column":24}},"50":{"start":{"line":89,"column":27},"end":{"line":92,"column":3}},"51":{"start":{"line":90,"column":4},"end":{"line":90,"column":34}},"52":{"start":{"line":91,"column":4},"end":{"line":91,"column":20}},"53":{"start":{"line":94,"column":24},"end":{"line":96,"column":3}},"54":{"start":{"line":95,"column":4},"end":{"line":95,"column":22}},"55":{"start":{"line":98,"column":23},"end":{"line":104,"column":3}},"56":{"start":{"line":101,"column":4},"end":{"line":103,"column":38}},"57":{"start":{"line":102,"column":16},"end":{"line":102,"column":47}},"58":{"start":{"line":103,"column":20},"end":{"line":103,"column":36}},"59":{"start":{"line":106,"column":2},"end":{"line":133,"column":3}},"60":{"start":{"line":119,"column":53},"end":{"line":119,"column":147}}},"fnMap":{"0":{"name":"(anonymous_0)","decl":{"start":{"line":7,"column":13},"end":{"line":7,"column":14}},"loc":{"start":{"line":7,"column":24},"end":{"line":134,"column":1}},"line":7},"1":{"name":"(anonymous_1)","decl":{"start":{"line":14,"column":21},"end":{"line":14,"column":22}},"loc":{"start":{"line":14,"column":27},"end":{"line":19,"column":3}},"line":14},"2":{"name":"(anonymous_2)","decl":{"start":{"line":21,"column":22},"end":{"line":21,"column":23}},"loc":{"start":{"line":21,"column":28},"end":{"line":23,"column":3}},"line":21},"3":{"name":"(anonymous_3)","decl":{"start":{"line":22,"column":55},"end":{"line":22,"column":56}},"loc":{"start":{"line":22,"column":63},"end":{"line":22,"column":67}},"line":22},"4":{"name":"(anonymous_4)","decl":{"start":{"line":25,"column":20},"end":{"line":25,"column":21}},"loc":{"start":{"line":25,"column":26},"end":{"line":36,"column":3}},"line":25},"5":{"name":"(anonymous_5)","decl":{"start":{"line":31,"column":28},"end":{"line":31,"column":29}},"loc":{"start":{"line":31,"column":45},"end":{"line":31,"column":102}},"line":31},"6":{"name":"(anonymous_6)","decl":{"start":{"line":34,"column":28},"end":{"line":34,"column":29}},"loc":{"start":{"line":34,"column":45},"end":{"line":34,"column":102}},"line":34},"7":{"name":"(anonymous_7)","decl":{"start":{"line":38,"column":24},"end":{"line":38,"column":25}},"loc":{"start":{"line":38,"column":30},"end":{"line":42,"column":3}},"line":38},"8":{"name":"(anonymous_8)","decl":{"start":{"line":41,"column":30},"end":{"line":41,"column":31}},"loc":{"start":{"line":41,"column":51},"end":{"line":41,"column":116}},"line":41},"9":{"name":"(anonymous_9)","decl":{"start":{"line":44,"column":25},"end":{"line":44,"column":26}},"loc":{"start":{"line":44,"column":31},"end":{"line":46,"column":3}},"line":44},"10":{"name":"(anonymous_10)","decl":{"start":{"line":48,"column":24},"end":{"line":48,"column":25}},"loc":{"start":{"line":48,"column":30},"end":{"line":70,"column":3}},"line":48},"11":{"name":"(anonymous_11)","decl":{"start":{"line":64,"column":22},"end":{"line":64,"column":23}},"loc":{"start":{"line":64,"column":26},"end":{"line":64,"column":45}},"line":64},"12":{"name":"(anonymous_12)","decl":{"start":{"line":65,"column":22},"end":{"line":65,"column":23}},"loc":{"start":{"line":65,"column":26},"end":{"line":65,"column":46}},"line":65},"13":{"name":"(anonymous_13)","decl":{"start":{"line":72,"column":24},"end":{"line":72,"column":25}},"loc":{"start":{"line":72,"column":35},"end":{"line":87,"column":3}},"line":72},"14":{"name":"(anonymous_14)","decl":{"start":{"line":77,"column":12},"end":{"line":77,"column":13}},"loc":{"start":{"line":77,"column":18},"end":{"line":77,"column":47}},"line":77},"15":{"name":"(anonymous_15)","decl":{"start":{"line":78,"column":13},"end":{"line":78,"column":14}},"loc":{"start":{"line":78,"column":22},"end":{"line":78,"column":38}},"line":78},"16":{"name":"(anonymous_16)","decl":{"start":{"line":89,"column":27},"end":{"line":89,"column":28}},"loc":{"start":{"line":89,"column":34},"end":{"line":92,"column":3}},"line":89},"17":{"name":"(anonymous_17)","decl":{"start":{"line":94,"column":24},"end":{"line":94,"column":25}},"loc":{"start":{"line":94,"column":30},"end":{"line":96,"column":3}},"line":94},"18":{"name":"(anonymous_18)","decl":{"start":{"line":98,"column":23},"end":{"line":98,"column":24}},"loc":{"start":{"line":98,"column":29},"end":{"line":104,"column":3}},"line":98},"19":{"name":"(anonymous_19)","decl":{"start":{"line":102,"column":10},"end":{"line":102,"column":11}},"loc":{"start":{"line":102,"column":16},"end":{"line":102,"column":47}},"line":102},"20":{"name":"(anonymous_20)","decl":{"start":{"line":103,"column":11},"end":{"line":103,"column":12}},"loc":{"start":{"line":103,"column":20},"end":{"line":103,"column":36}},"line":103},"21":{"name":"(anonymous_21)","decl":{"start":{"line":119,"column":35},"end":{"line":119,"column":36}},"loc":{"start":{"line":119,"column":53},"end":{"line":119,"column":147}},"line":119}},"branchMap":{"0":{"loc":{"start":{"line":28,"column":4},"end":{"line":35,"column":5}},"type":"if","locations":[{"start":{"line":28,"column":4},"end":{"line":35,"column":5}},{"start":{"line":32,"column":11},"end":{"line":35,"column":5}}],"line":28},"1":{"loc":{"start":{"line":28,"column":8},"end":{"line":28,"column":44}},"type":"binary-expr","locations":[{"start":{"line":28,"column":8},"end":{"line":28,"column":31}},{"start":{"line":28,"column":35},"end":{"line":28,"column":44}}],"line":28},"2":{"loc":{"start":{"line":52,"column":4},"end":{"line":69,"column":5}},"type":"if","locations":[{"start":{"line":52,"column":4},"end":{"line":69,"column":5}},{"start":{"line":56,"column":11},"end":{"line":69,"column":5}}],"line":52},"3":{"loc":{"start":{"line":54,"column":73},"end":{"line":54,"column":91}},"type":"cond-expr","locations":[{"start":{"line":54,"column":86},"end":{"line":54,"column":87}},{"start":{"line":54,"column":90},"end":{"line":54,"column":91}}],"line":54},"4":{"loc":{"start":{"line":56,"column":11},"end":{"line":69,"column":5}},"type":"if","locations":[{"start":{"line":56,"column":11},"end":{"line":69,"column":5}},{"start":{"line":60,"column":11},"end":{"line":69,"column":5}}],"line":56},"5":{"loc":{"start":{"line":75,"column":4},"end":{"line":79,"column":5}},"type":"if","locations":[{"start":{"line":75,"column":4},"end":{"line":79,"column":5}},{"start":{},"end":{}}],"line":75},"6":{"loc":{"start":{"line":110,"column":9},"end":{"line":110,"column":82}},"type":"binary-expr","locations":[{"start":{"line":110,"column":9},"end":{"line":110,"column":31}},{"start":{"line":110,"column":35},"end":{"line":110,"column":82}}],"line":110},"7":{"loc":{"start":{"line":116,"column":9},"end":{"line":116,"column":102}},"type":"binary-expr","locations":[{"start":{"line":116,"column":10},"end":{"line":116,"column":40}},{"start":{"line":116,"column":44},"end":{"line":116,"column":53}},{"start":{"line":116,"column":58},"end":{"line":116,"column":102}}],"line":116},"8":{"loc":{"start":{"line":117,"column":9},"end":{"line":120,"column":14}},"type":"binary-expr","locations":[{"start":{"line":117,"column":9},"end":{"line":117,"column":40}},{"start":{"line":118,"column":8},"end":{"line":120,"column":14}}],"line":117},"9":{"loc":{"start":{"line":121,"column":9},"end":{"line":125,"column":14}},"type":"binary-expr","locations":[{"start":{"line":121,"column":9},"end":{"line":121,"column":30}},{"start":{"line":122,"column":8},"end":{"line":125,"column":14}}],"line":121},"10":{"loc":{"start":{"line":131,"column":7},"end":{"line":131,"column":86}},"type":"binary-expr","locations":[{"start":{"line":131,"column":7},"end":{"line":131,"column":14}},{"start":{"line":131,"column":18},"end":{"line":131,"column":86}}],"line":131}},"s":{"0":1,"1":0,"2":0,"3":0,"4":0,"5":0,"6":0,"7":0,"8":0,"9":0,"10":0,"11":0,"12":0,"13":0,"14":0,"15":0,"16":0,"17":0,"18":0,"19":0,"20":0,"21":0,"22":0,"23":0,"24":0,"25":0,"26":0,"27":0,"28":0,"29":0,"30":0,"31":0,"32":0,"33":0,"34":0,"35":0,"36":0,"37":0,"38":0,"39":0,"40":0,"41":0,"42":0,"43":0,"44":0,"45":0,"46":0,"47":0,"48":0,"49":0,"50":0,"51":0,"52":0,"53":0,"54":0,"55":0,"56":0,"57":0,"58":0,"59":0,"60":0},"f":{"0":0,"1":0,"2":0,"3":0,"4":0,"5":0,"6":0,"7":0,"8":0,"9":0,"10":0,"11":0,"12":0,"13":0,"14":0,"15":0,"16":0,"17":0,"18":0,"19":0,"20":0,"21":0},"b":{"0":[0,0],"1":[0,0],"2":[0,0],"3":[0,0],"4":[0,0],"5":[0,0],"6":[0,0],"7":[0,0,0],"8":[0,0],"9":[0,0],"10":[0,0]},"_coverageSchema":"1a1c01bbd47fc00a2c39e90264f33305004495a9","hash":"fbe860ebeccf5cdd82a869afecd4c4d84a830ced"}
,"/home/nooby/hackreactor/frontendcapstone/client/src/spec/testData.js": {"path":"/home/nooby/hackreactor/frontendcapstone/client/src/spec/testData.js","statementMap":{"0":{"start":{"line":5,"column":0},"end":{"line":30,"column":2}},"1":{"start":{"line":34,"column":0},"end":{"line":51,"column":2}},"2":{"start":{"line":55,"column":0},"end":{"line":117,"column":1}},"3":{"start":{"line":121,"column":0},"end":{"line":121,"column":20}},"4":{"start":{"line":129,"column":0},"end":{"line":167,"column":2}},"5":{"start":{"line":171,"column":0},"end":{"line":195,"column":2}},"6":{"start":{"line":204,"column":0},"end":{"line":251,"column":2}},"7":{"start":{"line":255,"column":0},"end":{"line":285,"column":2}},"8":{"start":{"line":293,"column":0},"end":{"line":306,"column":2}}},"fnMap":{},"branchMap":{},"s":{"0":2,"1":2,"2":2,"3":2,"4":2,"5":2,"6":2,"7":2,"8":2},"f":{},"b":{},"_coverageSchema":"1a1c01bbd47fc00a2c39e90264f33305004495a9","hash":"9b5ee4f9913d32abf867e34fc2e079fc359951ce"}
}
