TN:
SF:config.js
FNF:0
FNH:0
DA:1,1
LF:1
LH:1
BRF:0
BRH:0
end_of_record
TN:
SF:client/src/parse.js
FN:15,(anonymous_0)
FN:25,(anonymous_1)
FN:30,(anonymous_2)
FN:34,(anonymous_3)
FNF:4
FNH:1
FNDA:4,(anonymous_0)
FNDA:0,(anonymous_1)
FNDA:0,(anonymous_2)
FNDA:0,(anonymous_3)
DA:5,1
DA:7,1
DA:14,1
DA:16,4
DA:26,0
DA:31,0
DA:46,0
LF:7
LH:4
BRDA:15,0,0,0
BRDA:25,1,0,0
BRDA:34,2,0,0
BRDA:34,3,0,0
BRF:4
BRH:0
end_of_record
TN:
SF:client/src/components/Reviews/Breakdowns.jsx
FN:3,(anonymous_0)
FN:5,(anonymous_1)
FN:12,(anonymous_2)
FN:22,(anonymous_3)
FN:30,(anonymous_4)
FNF:5
FNH:0
FNDA:0,(anonymous_0)
FNDA:0,(anonymous_1)
FNDA:0,(anonymous_2)
FNDA:0,(anonymous_3)
FNDA:0,(anonymous_4)
DA:3,1
DA:5,0
DA:7,0
DA:9,0
DA:11,0
DA:12,0
DA:19,0
DA:22,0
DA:24,0
DA:25,0
DA:28,0
DA:30,0
LF:12
LH:1
BRDA:12,0,0,0
BRDA:12,0,1,0
BRF:2
BRH:0
end_of_record
TN:
SF:client/src/components/Reviews/Characteristics.jsx
FN:4,(anonymous_0)
FN:6,(anonymous_1)
FN:32,(anonymous_2)
FN:35,(anonymous_3)
FN:47,(anonymous_4)
FN:51,(anonymous_5)
FN:59,(anonymous_6)
FN:62,(anonymous_7)
FN:66,(anonymous_8)
FN:71,(anonymous_9)
FNF:10
FNH:0
FNDA:0,(anonymous_0)
FNDA:0,(anonymous_1)
FNDA:0,(anonymous_2)
FNDA:0,(anonymous_3)
FNDA:0,(anonymous_4)
FNDA:0,(anonymous_5)
FNDA:0,(anonymous_6)
FNDA:0,(anonymous_7)
FNDA:0,(anonymous_8)
FNDA:0,(anonymous_9)
DA:4,1
DA:6,0
DA:8,0
DA:9,0
DA:10,0
DA:11,0
DA:13,0
DA:14,0
DA:16,0
DA:17,0
DA:19,0
DA:20,0
DA:22,0
DA:23,0
DA:25,0
DA:26,0
DA:28,0
DA:29,0
DA:32,0
DA:35,0
DA:37,0
DA:47,0
DA:48,0
DA:51,0
DA:53,0
DA:54,0
DA:55,0
DA:56,0
DA:57,0
DA:59,0
DA:62,0
DA:64,0
DA:66,0
DA:71,0
DA:78,0
DA:79,0
DA:80,0
DA:81,0
DA:84,0
LF:39
LH:1
BRDA:11,0,0,0
BRDA:11,0,1,0
BRDA:11,0,2,0
BRDA:11,0,3,0
BRDA:11,0,4,0
BRDA:11,0,5,0
BRF:6
BRH:0
end_of_record
TN:
SF:client/src/components/Reviews/Input.jsx
FN:11,(anonymous_0)
FN:27,(anonymous_1)
FN:32,(anonymous_2)
FN:37,(anonymous_3)
FN:45,(anonymous_4)
FN:51,(anonymous_5)
FN:55,(anonymous_6)
FN:57,(anonymous_7)
FN:61,(anonymous_8)
FN:84,(anonymous_9)
FN:88,(anonymous_10)
FN:100,(anonymous_11)
FN:109,(anonymous_12)
FN:115,(anonymous_13)
FN:118,(anonymous_14)
FN:136,(anonymous_15)
FN:145,(anonymous_16)
FN:151,(anonymous_17)
FN:159,(anonymous_18)
FN:164,(anonymous_19)
FN:167,(anonymous_20)
FN:170,(anonymous_21)
FN:176,(anonymous_22)
FN:187,(anonymous_23)
FN:192,(anonymous_24)
FN:203,(anonymous_25)
FN:221,(anonymous_26)
FN:222,(anonymous_27)
FN:227,(anonymous_28)
FN:234,(anonymous_29)
FN:236,(anonymous_30)
FN:237,(anonymous_31)
FN:245,(anonymous_32)
FN:254,(anonymous_33)
FN:266,(anonymous_34)
FN:282,(anonymous_35)
FN:310,(anonymous_36)
FN:350,(anonymous_37)
FNF:38
FNH:0
FNDA:0,(anonymous_0)
FNDA:0,(anonymous_1)
FNDA:0,(anonymous_2)
FNDA:0,(anonymous_3)
FNDA:0,(anonymous_4)
FNDA:0,(anonymous_5)
FNDA:0,(anonymous_6)
FNDA:0,(anonymous_7)
FNDA:0,(anonymous_8)
FNDA:0,(anonymous_9)
FNDA:0,(anonymous_10)
FNDA:0,(anonymous_11)
FNDA:0,(anonymous_12)
FNDA:0,(anonymous_13)
FNDA:0,(anonymous_14)
FNDA:0,(anonymous_15)
FNDA:0,(anonymous_16)
FNDA:0,(anonymous_17)
FNDA:0,(anonymous_18)
FNDA:0,(anonymous_19)
FNDA:0,(anonymous_20)
FNDA:0,(anonymous_21)
FNDA:0,(anonymous_22)
FNDA:0,(anonymous_23)
FNDA:0,(anonymous_24)
FNDA:0,(anonymous_25)
FNDA:0,(anonymous_26)
FNDA:0,(anonymous_27)
FNDA:0,(anonymous_28)
FNDA:0,(anonymous_29)
FNDA:0,(anonymous_30)
FNDA:0,(anonymous_31)
FNDA:0,(anonymous_32)
FNDA:0,(anonymous_33)
FNDA:0,(anonymous_34)
FNDA:0,(anonymous_35)
FNDA:0,(anonymous_36)
FNDA:0,(anonymous_37)
DA:11,1
DA:12,0
DA:18,0
DA:19,0
DA:20,0
DA:21,0
DA:22,0
DA:23,0
DA:24,0
DA:25,0
DA:27,0
DA:32,0
DA:33,0
DA:37,0
DA:39,0
DA:40,0
DA:41,0
DA:43,0
DA:45,0
DA:51,0
DA:54,0
DA:55,0
DA:57,0
DA:61,0
DA:63,0
DA:65,0
DA:66,0
DA:68,0
DA:69,0
DA:71,0
DA:72,0
DA:74,0
DA:75,0
DA:77,0
DA:78,0
DA:80,0
DA:84,0
DA:85,0
DA:88,0
DA:90,0
DA:100,0
DA:102,0
DA:103,0
DA:105,0
DA:109,0
DA:111,0
DA:112,0
DA:113,0
DA:115,0
DA:118,0
DA:120,0
DA:122,0
DA:124,0
DA:126,0
DA:128,0
DA:130,0
DA:132,0
DA:136,0
DA:138,0
DA:145,0
DA:151,0
DA:153,0
DA:154,0
DA:155,0
DA:157,0
DA:159,0
DA:164,0
DA:167,0
DA:170,0
DA:174,0
DA:176,0
DA:187,0
DA:189,0
DA:192,0
DA:195,0
DA:196,0
DA:197,0
DA:198,0
DA:199,0
DA:200,0
DA:203,0
DA:210,0
DA:211,0
DA:213,0
DA:214,0
DA:215,0
DA:216,0
DA:217,0
DA:220,0
DA:221,0
DA:223,0
DA:224,0
DA:225,0
DA:228,0
DA:229,0
DA:230,0
DA:234,0
DA:236,0
DA:238,0
DA:239,0
DA:240,0
DA:241,0
DA:243,0
DA:246,0
DA:247,0
DA:248,0
DA:249,0
DA:250,0
DA:254,0
DA:257,0
DA:258,0
DA:260,0
DA:261,0
DA:262,0
DA:263,0
DA:266,0
DA:268,0
DA:279,0
DA:282,0
DA:284,0
DA:285,0
DA:286,0
DA:288,0
DA:289,0
DA:291,0
DA:292,0
DA:293,0
DA:294,0
DA:297,0
DA:298,0
DA:300,0
DA:301,0
DA:303,0
DA:304,0
DA:307,0
DA:310,0
DA:314,0
DA:315,0
DA:318,0
DA:350,0
LF:140
LH:1
BRDA:54,0,0,0
BRDA:54,0,1,0
BRDA:63,1,0,0
BRDA:63,1,1,0
BRDA:63,1,2,0
BRDA:63,1,3,0
BRDA:63,1,4,0
BRDA:63,1,5,0
BRDA:102,2,0,0
BRDA:102,2,1,0
BRDA:120,3,0,0
BRDA:120,3,1,0
BRDA:120,3,2,0
BRDA:120,3,3,0
BRDA:120,3,4,0
BRDA:120,3,5,0
BRDA:177,4,0,0
BRDA:177,4,1,0
BRDA:214,5,0,0
BRDA:214,5,1,0
BRDA:285,6,0,0
BRDA:285,6,1,0
BRDA:288,7,0,0
BRDA:288,7,1,0
BRDA:293,8,0,0
BRDA:293,8,1,0
BRDA:297,9,0,0
BRDA:297,9,1,0
BRDA:298,10,0,0
BRDA:298,10,1,0
BRDA:300,11,0,0
BRDA:300,11,1,0
BRDA:303,12,0,0
BRDA:303,12,1,0
BRDA:304,13,0,0
BRDA:304,13,1,0
BRDA:333,14,0,0
BRDA:333,14,1,0
BRDA:344,15,0,0
BRDA:344,15,1,0
BRDA:347,16,0,0
BRDA:347,16,1,0
BRF:42
BRH:0
end_of_record
TN:
SF:client/src/components/Reviews/InputOverlay.jsx
FN:4,(anonymous_0)
FNF:1
FNH:0
FNDA:0,(anonymous_0)
DA:4,1
DA:6,0
LF:2
LH:1
BRF:0
BRH:0
end_of_record
TN:
SF:client/src/components/Reviews/List.jsx
FN:8,(anonymous_0)
FN:11,(anonymous_1)
FN:36,(anonymous_2)
FNF:3
FNH:0
FNDA:0,(anonymous_0)
FNDA:0,(anonymous_1)
FNDA:0,(anonymous_2)
DA:8,1
DA:9,0
DA:11,0
DA:12,0
DA:15,0
DA:37,0
LF:6
LH:1
BRDA:17,0,0,0
BRDA:17,0,1,0
BRDA:34,1,0,0
BRDA:34,1,1,0
BRDA:50,2,0,0
BRDA:50,2,1,0
BRDA:50,2,2,0
BRF:7
BRH:0
end_of_record
TN:
SF:client/src/components/Reviews/PhotoOverlay.jsx
FN:4,(anonymous_0)
FNF:1
FNH:0
FNDA:0,(anonymous_0)
DA:4,1
DA:5,0
LF:2
LH:1
BRF:0
BRH:0
end_of_record
TN:
SF:client/src/components/Reviews/Reviews.jsx
FN:9,(anonymous_0)
FN:25,(anonymous_1)
FN:35,(anonymous_2)
FN:46,(anonymous_3)
FN:50,(anonymous_4)
FN:60,(anonymous_5)
FN:81,(anonymous_6)
FN:91,(anonymous_7)
FN:109,(anonymous_8)
FN:117,(anonymous_9)
FN:118,(anonymous_10)
FN:121,(anonymous_11)
FN:125,(anonymous_12)
FN:132,(anonymous_13)
FN:137,(anonymous_14)
FN:145,(anonymous_15)
FNF:16
FNH:8
FNDA:4,(anonymous_0)
FNDA:2,(anonymous_1)
FNDA:10,(anonymous_2)
FNDA:4,(anonymous_3)
FNDA:0,(anonymous_4)
FNDA:2,(anonymous_5)
FNDA:2,(anonymous_6)
FNDA:0,(anonymous_7)
FNDA:0,(anonymous_8)
FNDA:0,(anonymous_9)
FNDA:0,(anonymous_10)
FNDA:0,(anonymous_11)
FNDA:2,(anonymous_12)
FNDA:2,(anonymous_13)
FNDA:0,(anonymous_14)
FNDA:0,(anonymous_15)
DA:9,1
DA:10,4
DA:11,4
DA:12,4
DA:14,4
DA:15,4
DA:16,4
DA:17,4
DA:18,4
DA:19,4
DA:20,4
DA:21,4
DA:22,4
DA:23,4
DA:25,4
DA:26,2
DA:27,2
DA:28,1
DA:32,2
DA:33,2
DA:35,10
DA:37,2
DA:38,2
DA:40,2
DA:41,2
DA:43,2
DA:46,4
DA:48,4
DA:49,4
DA:52,0
DA:53,0
DA:54,0
DA:55,0
DA:56,0
DA:60,4
DA:62,2
DA:63,2
DA:65,2
DA:66,0
DA:67,0
DA:68,0
DA:71,0
DA:72,0
DA:73,0
DA:78,2
DA:81,4
DA:83,2
DA:84,10
DA:85,0
DA:88,2
DA:91,4
DA:109,4
DA:110,0
DA:111,0
DA:113,0
DA:117,4
DA:118,0
DA:121,4
DA:122,0
DA:125,4
DA:127,2
DA:128,2
DA:129,2
DA:132,4
DA:134,2
DA:137,4
DA:139,0
DA:140,0
DA:141,0
DA:142,0
DA:145,4
DA:147,0
DA:148,0
DA:151,4
LF:74
LH:51
BRDA:27,0,0,1
BRDA:27,0,1,1
BRDA:66,1,0,0
BRDA:66,1,1,0
BRDA:67,2,0,0
BRDA:67,2,1,0
BRDA:71,3,0,0
BRDA:71,3,1,0
BRDA:72,4,0,0
BRDA:72,4,1,0
BRDA:84,5,0,0
BRDA:84,5,1,10
BRDA:110,6,0,0
BRDA:110,6,1,0
BRDA:153,7,0,0
BRDA:153,7,1,4
BRF:16
BRH:4
end_of_record
TN:
SF:client/src/components/Reviews/Search.jsx
FN:4,(anonymous_0)
FNF:1
FNH:0
FNDA:0,(anonymous_0)
DA:4,1
DA:6,0
LF:2
LH:1
BRF:0
BRH:0
end_of_record
TN:
SF:client/src/components/Reviews/SideBar.jsx
FN:5,(anonymous_0)
FNF:1
FNH:0
FNDA:0,(anonymous_0)
DA:5,1
DA:7,0
LF:2
LH:1
BRF:0
BRH:0
end_of_record
TN:
SF:client/src/components/Reviews/Sort.jsx
FN:3,(anonymous_0)
FNF:1
FNH:0
FNDA:0,(anonymous_0)
DA:3,1
DA:5,0
LF:2
LH:1
BRF:0
BRH:0
end_of_record
TN:
SF:client/src/components/Reviews/Tile.jsx
FN:7,(anonymous_0)
FN:15,(anonymous_1)
FN:22,(anonymous_2)
FN:23,(anonymous_3)
FN:26,(anonymous_4)
FN:32,(anonymous_5)
FN:35,(anonymous_6)
FN:39,(anonymous_7)
FN:42,(anonymous_8)
FN:45,(anonymous_9)
FN:49,(anonymous_10)
FN:65,(anonymous_11)
FN:66,(anonymous_12)
FN:73,(anonymous_13)
FN:78,(anonymous_14)
FN:79,(anonymous_15)
FN:90,(anonymous_16)
FN:95,(anonymous_17)
FN:99,(anonymous_18)
FN:103,(anonymous_19)
FN:104,(anonymous_20)
FN:120,(anonymous_21)
FNF:22
FNH:0
FNDA:0,(anonymous_0)
FNDA:0,(anonymous_1)
FNDA:0,(anonymous_2)
FNDA:0,(anonymous_3)
FNDA:0,(anonymous_4)
FNDA:0,(anonymous_5)
FNDA:0,(anonymous_6)
FNDA:0,(anonymous_7)
FNDA:0,(anonymous_8)
FNDA:0,(anonymous_9)
FNDA:0,(anonymous_10)
FNDA:0,(anonymous_11)
FNDA:0,(anonymous_12)
FNDA:0,(anonymous_13)
FNDA:0,(anonymous_14)
FNDA:0,(anonymous_15)
FNDA:0,(anonymous_16)
FNDA:0,(anonymous_17)
FNDA:0,(anonymous_18)
FNDA:0,(anonymous_19)
FNDA:0,(anonymous_20)
FNDA:0,(anonymous_21)
DA:7,1
DA:8,0
DA:9,0
DA:10,0
DA:11,0
DA:12,0
DA:13,0
DA:15,0
DA:16,0
DA:17,0
DA:18,0
DA:19,0
DA:22,0
DA:23,0
DA:26,0
DA:28,0
DA:29,0
DA:30,0
DA:31,0
DA:32,0
DA:34,0
DA:35,0
DA:39,0
DA:40,0
DA:41,0
DA:42,0
DA:45,0
DA:46,0
DA:49,0
DA:52,0
DA:53,0
DA:54,0
DA:57,0
DA:58,0
DA:62,0
DA:65,0
DA:66,0
DA:73,0
DA:76,0
DA:77,0
DA:78,0
DA:79,0
DA:82,0
DA:84,0
DA:85,0
DA:86,0
DA:87,0
DA:90,0
DA:91,0
DA:92,0
DA:95,0
DA:96,0
DA:99,0
DA:102,0
DA:103,0
DA:104,0
DA:107,0
DA:120,0
LF:58
LH:1
BRDA:29,0,0,0
BRDA:29,0,1,0
BRDA:29,1,0,0
BRDA:29,1,1,0
BRDA:53,2,0,0
BRDA:53,2,1,0
BRDA:55,3,0,0
BRDA:55,3,1,0
BRDA:57,4,0,0
BRDA:57,4,1,0
BRDA:76,5,0,0
BRDA:76,5,1,0
BRDA:111,6,0,0
BRDA:111,6,1,0
BRDA:117,7,0,0
BRDA:117,7,1,0
BRDA:117,7,2,0
BRDA:118,8,0,0
BRDA:118,8,1,0
BRDA:122,9,0,0
BRDA:122,9,1,0
BRDA:132,10,0,0
BRDA:132,10,1,0
BRF:23
BRH:0
end_of_record
